-------------------------------------------------------------------------------
Test set: hello.ConfigClientApplicationTest
-------------------------------------------------------------------------------
Tests run: 1, Failures: 0, Errors: 1, Skipped: 0, Time elapsed: 14.402 s <<< FAILURE! - in hello.ConfigClientApplicationTest
contextLoads(hello.ConfigClientApplicationTest)  Time elapsed: 0.009 s  <<< ERROR!
java.lang.IllegalStateException: Failed to load ApplicationContext
Caused by: org.springframework.beans.factory.BeanCreationException: Error creating bean with name 'pathMappedEndpoints' defined in class path resource [org/springframework/boot/actuate/autoconfigure/endpoint/web/WebEndpointAutoConfiguration.class]: Bean instantiation via factory method failed; nested exception is org.springframework.beans.BeanInstantiationException: Failed to instantiate [org.springframework.boot.actuate.endpoint.web.PathMappedEndpoints]: Factory method 'pathMappedEndpoints' threw exception; nested exception is java.lang.IllegalStateException: Found multiple extensions for the endpoint bean environmentEndpoint (environmentEndpointWebExtension, environmentWebEndpointExtension)
Caused by: org.springframework.beans.BeanInstantiationException: Failed to instantiate [org.springframework.boot.actuate.endpoint.web.PathMappedEndpoints]: Factory method 'pathMappedEndpoints' threw exception; nested exception is java.lang.IllegalStateException: Found multiple extensions for the endpoint bean environmentEndpoint (environmentEndpointWebExtension, environmentWebEndpointExtension)
Caused by: java.lang.IllegalStateException: Found multiple extensions for the endpoint bean environmentEndpoint (environmentEndpointWebExtension, environmentWebEndpointExtension)

